This is pdfTeX, Version 3.141592653-2.6-1.40.24 (TeX Live 2022/nixos.org) (preloaded format=latex 1980.1.1)  6 OCT 2023 18:50
entering extended mode
 restricted \write18 enabled.
 %&-line parsing enabled.
**"wordcount.tex\csname ?\endcsname"

(/nix/store/vs3sdmvbg7aw63q5z1cy2yjll5hgyl87-texlive-combined-full-2022-final-t
exmfdist/tex/latex/wordcount/wordcount.tex
LaTeX2e <2022-11-01> patch level 1
L3 programming layer <2023-02-22>
File: wordcount.tex 2016/06/03 v1.7 Michael Downes

(/nix/store/vs3sdmvbg7aw63q5z1cy2yjll5hgyl87-texlive-combined-full-2022-final-t
exmfdist/tex/latex/base/fontenc.sty
Package: fontenc 2021/04/29 v2.0v Standard LaTeX package
)
\thickmuskip=\muskip16
\@charfontname=\skip48
\hfuzz=\dimen140

No auxiliary output files.

File name [press RETURN to cancel]: send
send
Processing send...



! LaTeX Error: File `send.tex' not found.

Type X to quit or <RETURN> to proceed,
or enter new name. (Default extension: tex)

Enter file name: 
! Emergency stop.
<read *> 
         
l.198 \@tempa
             ^^M
*** (cannot \read from terminal in nonstop modes)

 
Here is how much of TeX's memory you used:
 261 strings out of 476025
 2964 string characters out of 5764093
 1849385 words of memory out of 5000000
 20804 multiletter control sequences out of 15000+600000
 514700 words of font info for 34 fonts, out of 8000000 for 9000
 1141 hyphenation exceptions out of 8191
 30i,0n,34p,145b,40s stack positions out of 10000i,1000n,20000p,200000b,200000s
No pages of output.
